[0mGET / [31m500[0m 7.072 ms - 41[0m
[0mGET /blogs [31m500[0m 0.961 ms - 41[0m
[0mGET /blogs [31m500[0m 0.945 ms - 41[0m
[0mGET /blogs [32m200[0m 9.027 ms - 40[0m
[0mGET /blogs [32m200[0m 1.262 ms - 40[0m
[0mGET /blogs [32m200[0m 6.730 ms - 40[0m
[0mPOST /blogs [31m500[0m 10065.801 ms - 90[0m
[0mPOST /blogs [32m200[0m 115.934 ms - 281[0m
[0mGET /blogs/6444a29cd5b83dadd361113b [32m200[0m 75.237 ms - 281[0m
[0mGET /blogs/6444a29cd5b83ddadd361113b [31m500[0m 6.222 ms - 139[0m
[0mGET /blogs/6444a29cd5b83dadd361113b [32m200[0m 45.158 ms - 281[0m
[0mGET /blogs/6444a29cd5b83dadd361113b [32m200[0m 44.447 ms - 281[0m
[0mPUT /blogs/6444a29cd5b83dadd361113b [31m500[0m 26.905 ms - 52[0m
[0mPUT /blogs/6444a29cd5b83dadd361113b [31m500[0m 33.926 ms - 51[0m
[0mPUT /blogs/6444a29cd5b83dadd361113b [31m500[0m 29.694 ms - 49[0m
[0mPUT /blogs/6444a29cd5b83dadd361113b [32m200[0m 107.050 ms - 281[0m
[0mGET /blogs [0m-[0m - ms - -[0m
[0mGET /blogs/6444a29cd5b83dadd361113b [32m200[0m 49.032 ms - 293[0m
[0mGET /blogs [0m-[0m - ms - -[0m
[0mGET /blogs/6444a29cd5b83dadd361113b [32m200[0m 41.877 ms - 293[0m
[0mGET /blogs [0m-[0m - ms - -[0m
[0mGET /blogs [0m-[0m - ms - -[0m
[0mGET /blogs/6444a29cd5b83dadd361113b [32m200[0m 55.575 ms - 293[0m
[0mGET /blogs/6444a29cd5b83dadd361113b [32m200[0m 45.531 ms - 293[0m
[0mGET /blogsy [31m500[0m 7.663 ms - 41[0m
[0mGET /blogs [0m-[0m - ms - -[0m
[0mGET /blogs/6444a29cd5b83dadd361113b [32m200[0m 63.122 ms - 4[0m
[0mPUT /blogs/6444a29cd5b83dadd361113b [32m200[0m 76.423 ms - 4[0m
[0mPOST /blogs [32m200[0m 69.021 ms - 283[0m
[0mGET /blogs [0m-[0m - ms - -[0m
[0mGET /blogs/6444a29cd5b83dadd361113b [32m200[0m 66.743 ms - 4[0m
[0mPUT /blogs/6444a29cd5b83dadd361113b [32m200[0m 87.688 ms - 4[0m
[0mPOST /blogs [32m200[0m 166.816 ms - 283[0m
[0mGET /blogs/6444a29cd5b83dadd361113b [32m200[0m 44.030 ms - 4[0m
[0mGET /blogs/6444adf6ce2ad1d8b89cc8e8 [32m200[0m 44.044 ms - 283[0m
[0mPUT /blogs/6444adf6ce2ad1d8b89cc8e8 [32m200[0m 57.261 ms - 283[0m
[0mGET /blogs/6444adf6ce2ad1d8b89cc8e8 [32m200[0m 43.934 ms - 293[0m
[0mGET /blogs [0m-[0m - ms - -[0m
[0mGET /blogs/6444adf6ce2ad1d8b89cc8e8 [32m200[0m 62.306 ms - 293[0m
[0mPOST /blogs [32m200[0m 90.897 ms - 281[0m
[0mGET /blogs [0m-[0m - ms - -[0m
[0mGET /blogs [31m500[0m 83.520 ms - 47[0m
[0mGET /blogs [32m200[0m 78.489 ms - 577[0m
[0mGET /blogs [31m500[0m 13.767 ms - 82[0m
[0mGET /blogs [32m200[0m 70.937 ms - 577[0m
[0mGET /blogs/6444adf6ce2ad1d8b89cc8e8 [32m200[0m 74.007 ms - 293[0m
[0mDELETE /blogs/6444adf6ce2ad1d8b89cc8e8 [32m200[0m 53.976 ms - 293[0m
[0mGET /blogs [32m200[0m 42.959 ms - 283[0m
